<?xml version="1.0" encoding="UTF-8"?>
<!-- Generated by org.testng.reporters.JUnitXMLReporter -->
<testsuite hostname="mayank" ignored="0" name="Test" tests="3" failures="0" timestamp="08 Jul 2020 19:59:42 GMT" time="0.04" errors="0">
  <testcase name="@BeforeMethod setupTest" time="0.0" classname="com.framework.qa.test.BaseTest">
    <failure type="org.testng.TestNGException" message="
Parameter &amp;apos;browser&amp;apos; is required by BeforeMethod on method setupTest but has not been marked @Optional or defined
in F:\WorkSpace\TESTProject\OOPsConceptInPOM\src\main\resources\testng.xml">
      <![CDATA[org.testng.TestNGException: 
Parameter 'browser' is required by BeforeMethod on method setupTest but has not been marked @Optional or defined
in F:\WorkSpace\TESTProject\OOPsConceptInPOM\src\main\resources\testng.xml
... Removed 25 stack frames]]>
    </failure>
  </testcase> <!-- @BeforeMethod setupTest -->
  <testcase name="@AfterMethod teardown" time="0.0" classname="com.framework.qa.test.BaseTest">
    <skipped/>
  </testcase> <!-- @AfterMethod teardown -->
  <testcase name="@BeforeMethod setupTest" time="0.0" classname="com.framework.qa.test.BaseTest">
    <skipped/>
  </testcase> <!-- @BeforeMethod setupTest -->
  <testcase name="@AfterMethod teardown" time="0.0" classname="com.framework.qa.test.BaseTest">
    <skipped/>
  </testcase> <!-- @AfterMethod teardown -->
  <testcase name="@BeforeMethod setupTest" time="0.0" classname="com.framework.qa.test.BaseTest">
    <skipped/>
  </testcase> <!-- @BeforeMethod setupTest -->
  <testcase name="@AfterMethod teardown" time="0.0" classname="com.framework.qa.test.BaseTest">
    <skipped/>
  </testcase> <!-- @AfterMethod teardown -->
  <testcase name="verifyLoginPageTitleTest" time="0.0" classname="com.framework.qa.test.LoginPageTest">
    <skipped/>
  </testcase> <!-- verifyLoginPageTitleTest -->
  <testcase name="verifyLoginPageHeaderTest" time="0.0" classname="com.framework.qa.test.LoginPageTest">
    <skipped/>
  </testcase> <!-- verifyLoginPageHeaderTest -->
  <testcase name="doLoginTest" time="0.0" classname="com.framework.qa.test.LoginPageTest">
    <skipped/>
  </testcase> <!-- doLoginTest -->
</testsuite> <!-- Test -->
